CRITICAL - 2024-12-29 14:42:26 --> ErrorException: Declaration of CodeIgniter\I18n\TimeTrait::createFromTimestamp(int $timestamp, $timezone = null, ?string $locale = null) must be compatible with DateTimeImmutable::createFromTimestamp(int|float $timestamp): CodeIgniter\Autoloader\Autoloader
[Method: GET, Route: /]
in SYSTEMPATH/I18n/TimeTrait.php on line 268.
 1 [internal function]: CodeIgniter\Debug\Exceptions->shutdownHandler()
CRITICAL - 2024-12-29 14:44:20 --> ErrorException: Declaration of CodeIgniter\I18n\TimeTrait::createFromTimestamp(int $timestamp, $timezone = null, ?string $locale = null) must be compatible with DateTimeImmutable::createFromTimestamp(int|float $timestamp): CodeIgniter\Autoloader\Autoloader
[Method: GET, Route: /]
in SYSTEMPATH/I18n/TimeTrait.php on line 268.
 1 [internal function]: CodeIgniter\Debug\Exceptions->shutdownHandler()
CRITICAL - 2024-12-29 14:45:46 --> ErrorException: Declaration of CodeIgniter\I18n\TimeTrait::createFromTimestamp(int $timestamp, $timezone = null, ?string $locale = null) must be compatible with DateTimeImmutable::createFromTimestamp(int|float $timestamp): CodeIgniter\Autoloader\Autoloader
[Method: GET, Route: /]
in SYSTEMPATH/I18n/TimeTrait.php on line 268.
 1 [internal function]: CodeIgniter\Debug\Exceptions->shutdownHandler()
CRITICAL - 2024-12-29 14:49:14 --> ErrorException: Declaration of CodeIgniter\I18n\TimeTrait::createFromTimestamp(float $timestamp, $timezone = null, ?string $locale = null) must be compatible with DateTimeImmutable::createFromTimestamp(int|float $timestamp): CodeIgniter\Autoloader\Autoloader
[Method: GET, Route: /]
in SYSTEMPATH/I18n/TimeTrait.php on line 268.
 1 [internal function]: CodeIgniter\Debug\Exceptions->shutdownHandler()
CRITICAL - 2024-12-29 14:50:33 --> ErrorException: Declaration of CodeIgniter\I18n\TimeTrait::createFromTimestamp(float $timestamp, $timezone = null, ?string $locale = null) must be compatible with DateTimeImmutable::createFromTimestamp(int|float $timestamp): CodeIgniter\Autoloader\Autoloader
[Method: GET, Route: /]
in SYSTEMPATH/I18n/TimeTrait.php on line 268.
 1 [internal function]: CodeIgniter\Debug\Exceptions->shutdownHandler()
WARNING - 2024-12-29 14:51:42 --> [DEPRECATED] Return type of CodeIgniter\I18n\TimeTrait::createFromTimestamp(int|float $timestamp, $timezone = null, ?string $locale = null): CodeIgniter\I18n\Time should either be compatible with DateTimeImmutable::createFromTimestamp(int|float $timestamp): CodeIgniter\Autoloader\Autoloader, or the #[\ReturnTypeWillChange] attribute should be used to temporarily suppress the notice in SYSTEMPATH/I18n/TimeTrait.php on line 268.
 1 SYSTEMPATH/Autoloader/Autoloader.php(316): include_once('/Users/mattheuwsw/Downloads/CodeIgniter4-develop 2/system/I18n/Time.php')
 2 SYSTEMPATH/Autoloader/Autoloader.php(295): CodeIgniter\Autoloader\Autoloader->includeFile('/Users/mattheuwsw/Downloads/CodeIgniter4-develop 2/system/I18n/Time.php')
 3 SYSTEMPATH/Autoloader/Autoloader.php(271): CodeIgniter\Autoloader\Autoloader->loadInNamespace('CodeIgniter\\I18n\\Time')
 4 SYSTEMPATH/Debug/Toolbar.php(400): CodeIgniter\Autoloader\Autoloader->loadClass('CodeIgniter\\I18n\\Time')
 5 SYSTEMPATH/Filters/DebugToolbar.php(43): CodeIgniter\Debug\Toolbar->prepare(Object(CodeIgniter\HTTP\IncomingRequest), Object(CodeIgniter\HTTP\Response))
 6 SYSTEMPATH/Filters/Filters.php(241): CodeIgniter\Filters\DebugToolbar->after(Object(CodeIgniter\HTTP\IncomingRequest), Object(CodeIgniter\HTTP\Response), null)
 7 SYSTEMPATH/Filters/Filters.php(291): CodeIgniter\Filters\Filters->runAfter([...])
 8 SYSTEMPATH/CodeIgniter.php(409): CodeIgniter\Filters\Filters->runRequired('after')
 9 SYSTEMPATH/CodeIgniter.php(372): CodeIgniter\CodeIgniter->runRequiredAfterFilters(Object(CodeIgniter\Filters\Filters))
10 SYSTEMPATH/Boot.php(334): CodeIgniter\CodeIgniter->run()
11 SYSTEMPATH/Boot.php(67): CodeIgniter\Boot::runCodeIgniter(Object(CodeIgniter\CodeIgniter))
12 FCPATH/index.php(56): CodeIgniter\Boot::bootWeb(Object(Config\Paths))
13 SYSTEMPATH/rewrite.php(44): require_once('/Users/mattheuwsw/Downloads/CodeIgniter4-develop 2/public/index.php')
WARNING - 2024-12-29 14:51:42 --> [DEPRECATED] Return type of CodeIgniter\I18n\TimeTrait::createFromTimestamp(int|float $timestamp, $timezone = null, ?string $locale = null): CodeIgniter\I18n\Time should either be compatible with DateTimeImmutable::createFromTimestamp(int|float $timestamp): CodeIgniter\Autoloader\Autoloader, or the #[\ReturnTypeWillChange] attribute should be used to temporarily suppress the notice in SYSTEMPATH/I18n/TimeTrait.php on line 268.
 1 SYSTEMPATH/Autoloader/Autoloader.php(316): include_once('/Users/mattheuwsw/Downloads/CodeIgniter4-develop 2/system/I18n/Time.php')
 2 SYSTEMPATH/Autoloader/Autoloader.php(295): CodeIgniter\Autoloader\Autoloader->includeFile('/Users/mattheuwsw/Downloads/CodeIgniter4-develop 2/system/I18n/Time.php')
 3 SYSTEMPATH/Autoloader/Autoloader.php(271): CodeIgniter\Autoloader\Autoloader->loadInNamespace('CodeIgniter\\I18n\\Time')
 4 SYSTEMPATH/Security/Security.php(532): CodeIgniter\Autoloader\Autoloader->loadClass('CodeIgniter\\I18n\\Time')
 5 SYSTEMPATH/Security/Security.php(505): CodeIgniter\Security\Security->saveHashInCookie()
 6 SYSTEMPATH/Security/Security.php(214): CodeIgniter\Security\Security->generateHash()
 7 SYSTEMPATH/Config/Services.php(657): CodeIgniter\Security\Security->__construct(Object(Config\Security))
 8 SYSTEMPATH/Config/BaseService.php(312): CodeIgniter\Config\Services::security(Object(Config\Security), false)
 9 SYSTEMPATH/Config/BaseService.php(251): CodeIgniter\Config\BaseService::__callStatic('security', [...])
10 SYSTEMPATH/Config/Services.php(652): CodeIgniter\Config\BaseService::getSharedInstance('security', null)
11 SYSTEMPATH/Config/BaseService.php(321): CodeIgniter\Config\Services::security()
12 SYSTEMPATH/Config/BaseService.php(202): CodeIgniter\Config\BaseService::__callStatic('security', [])
13 SYSTEMPATH/Common.php(998): CodeIgniter\Config\BaseService::get('security')
14 SYSTEMPATH/Helpers/security_helper.php(22): service('security')
15 SYSTEMPATH/Debug/Toolbar.php(491): sanitize_filename('debugbar_1735483902.851457')
16 APPPATH/Config/Events.php(47): CodeIgniter\Debug\Toolbar->respond()
17 SYSTEMPATH/Events/Events.php(155): CodeIgniter\Events\Events::{closure:/Users/mattheuwsw/Downloads/CodeIgniter4-develop 2/app/Config/Events.php:26}()
18 SYSTEMPATH/CodeIgniter.php(340): CodeIgniter\Events\Events::trigger('pre_system')
19 SYSTEMPATH/Boot.php(334): CodeIgniter\CodeIgniter->run()
20 SYSTEMPATH/Boot.php(67): CodeIgniter\Boot::runCodeIgniter(Object(CodeIgniter\CodeIgniter))
21 FCPATH/index.php(56): CodeIgniter\Boot::bootWeb(Object(Config\Paths))
