WARNING - 2025-01-05 12:27:42 --> [DEPRECATED] Return type of CodeIgniter\I18n\TimeTrait::createFromTimestamp(int|float $timestamp, $timezone = null, ?string $locale = null): CodeIgniter\I18n\Time should either be compatible with DateTimeImmutable::createFromTimestamp(int|float $timestamp): CodeIgniter\Autoloader\Autoloader, or the #[\ReturnTypeWillChange] attribute should be used to temporarily suppress the notice in SYSTEMPATH/I18n/TimeTrait.php on line 268.
 1 SYSTEMPATH/Autoloader/Autoloader.php(316): include_once('/Users/mattheuwsw/Documents/GitHub/booking-services-API/codeIgniter4/system/I18n/Time.php')
 2 SYSTEMPATH/Autoloader/Autoloader.php(295): CodeIgniter\Autoloader\Autoloader->includeFile('/Users/mattheuwsw/Documents/GitHub/booking-services-API/codeIgniter4/system/I18n/Time.php')
 3 SYSTEMPATH/Autoloader/Autoloader.php(271): CodeIgniter\Autoloader\Autoloader->loadInNamespace('CodeIgniter\\I18n\\Time')
 4 SYSTEMPATH/Debug/Toolbar.php(400): CodeIgniter\Autoloader\Autoloader->loadClass('CodeIgniter\\I18n\\Time')
 5 SYSTEMPATH/Filters/DebugToolbar.php(43): CodeIgniter\Debug\Toolbar->prepare(Object(CodeIgniter\HTTP\IncomingRequest), Object(CodeIgniter\HTTP\Response))
 6 SYSTEMPATH/Filters/Filters.php(241): CodeIgniter\Filters\DebugToolbar->after(Object(CodeIgniter\HTTP\IncomingRequest), Object(CodeIgniter\HTTP\Response), null)
 7 SYSTEMPATH/Filters/Filters.php(291): CodeIgniter\Filters\Filters->runAfter([...])
 8 SYSTEMPATH/CodeIgniter.php(409): CodeIgniter\Filters\Filters->runRequired('after')
 9 SYSTEMPATH/CodeIgniter.php(372): CodeIgniter\CodeIgniter->runRequiredAfterFilters(Object(CodeIgniter\Filters\Filters))
10 SYSTEMPATH/Boot.php(334): CodeIgniter\CodeIgniter->run()
11 SYSTEMPATH/Boot.php(67): CodeIgniter\Boot::runCodeIgniter(Object(CodeIgniter\CodeIgniter))
12 FCPATH/index.php(56): CodeIgniter\Boot::bootWeb(Object(Config\Paths))
13 SYSTEMPATH/rewrite.php(44): require_once('/Users/mattheuwsw/Documents/GitHub/booking-services-API/codeIgniter4/public/index.php')
WARNING - 2025-01-05 12:27:43 --> [DEPRECATED] Return type of CodeIgniter\I18n\TimeTrait::createFromTimestamp(int|float $timestamp, $timezone = null, ?string $locale = null): CodeIgniter\I18n\Time should either be compatible with DateTimeImmutable::createFromTimestamp(int|float $timestamp): CodeIgniter\Autoloader\Autoloader, or the #[\ReturnTypeWillChange] attribute should be used to temporarily suppress the notice in SYSTEMPATH/I18n/TimeTrait.php on line 268.
 1 SYSTEMPATH/Autoloader/Autoloader.php(316): include_once('/Users/mattheuwsw/Documents/GitHub/booking-services-API/codeIgniter4/system/I18n/Time.php')
 2 SYSTEMPATH/Autoloader/Autoloader.php(295): CodeIgniter\Autoloader\Autoloader->includeFile('/Users/mattheuwsw/Documents/GitHub/booking-services-API/codeIgniter4/system/I18n/Time.php')
 3 SYSTEMPATH/Autoloader/Autoloader.php(271): CodeIgniter\Autoloader\Autoloader->loadInNamespace('CodeIgniter\\I18n\\Time')
 4 SYSTEMPATH/Security/Security.php(532): CodeIgniter\Autoloader\Autoloader->loadClass('CodeIgniter\\I18n\\Time')
 5 SYSTEMPATH/Security/Security.php(505): CodeIgniter\Security\Security->saveHashInCookie()
 6 SYSTEMPATH/Security/Security.php(214): CodeIgniter\Security\Security->generateHash()
 7 SYSTEMPATH/Config/Services.php(657): CodeIgniter\Security\Security->__construct(Object(Config\Security))
 8 SYSTEMPATH/Config/BaseService.php(312): CodeIgniter\Config\Services::security(Object(Config\Security), false)
 9 SYSTEMPATH/Config/BaseService.php(251): CodeIgniter\Config\BaseService::__callStatic('security', [...])
10 SYSTEMPATH/Config/Services.php(652): CodeIgniter\Config\BaseService::getSharedInstance('security', null)
11 SYSTEMPATH/Config/BaseService.php(321): CodeIgniter\Config\Services::security()
12 SYSTEMPATH/Config/BaseService.php(202): CodeIgniter\Config\BaseService::__callStatic('security', [])
13 SYSTEMPATH/Common.php(998): CodeIgniter\Config\BaseService::get('security')
14 SYSTEMPATH/Helpers/security_helper.php(22): service('security')
15 SYSTEMPATH/Debug/Toolbar.php(491): sanitize_filename('debugbar_1736080062.978081')
16 APPPATH/Config/Events.php(47): CodeIgniter\Debug\Toolbar->respond()
17 SYSTEMPATH/Events/Events.php(155): CodeIgniter\Events\Events::{closure:/Users/mattheuwsw/Documents/GitHub/booking-services-API/codeIgniter4/app/Config/Events.php:26}()
18 SYSTEMPATH/CodeIgniter.php(340): CodeIgniter\Events\Events::trigger('pre_system')
19 SYSTEMPATH/Boot.php(334): CodeIgniter\CodeIgniter->run()
20 SYSTEMPATH/Boot.php(67): CodeIgniter\Boot::runCodeIgniter(Object(CodeIgniter\CodeIgniter))
21 FCPATH/index.php(56): CodeIgniter\Boot::bootWeb(Object(Config\Paths))
WARNING - 2025-01-05 12:28:33 --> [DEPRECATED] Return type of CodeIgniter\I18n\TimeTrait::createFromTimestamp(int|float $timestamp, $timezone = null, ?string $locale = null): CodeIgniter\I18n\Time should either be compatible with DateTimeImmutable::createFromTimestamp(int|float $timestamp): CodeIgniter\Autoloader\Autoloader, or the #[\ReturnTypeWillChange] attribute should be used to temporarily suppress the notice in SYSTEMPATH/I18n/TimeTrait.php on line 268.
 1 SYSTEMPATH/Autoloader/Autoloader.php(316): include_once('/Users/mattheuwsw/Documents/GitHub/booking-services-API/codeIgniter4/system/I18n/Time.php')
 2 SYSTEMPATH/Autoloader/Autoloader.php(295): CodeIgniter\Autoloader\Autoloader->includeFile('/Users/mattheuwsw/Documents/GitHub/booking-services-API/codeIgniter4/system/I18n/Time.php')
 3 SYSTEMPATH/Autoloader/Autoloader.php(271): CodeIgniter\Autoloader\Autoloader->loadInNamespace('CodeIgniter\\I18n\\Time')
 4 SYSTEMPATH/Debug/Toolbar.php(400): CodeIgniter\Autoloader\Autoloader->loadClass('CodeIgniter\\I18n\\Time')
 5 SYSTEMPATH/Filters/DebugToolbar.php(43): CodeIgniter\Debug\Toolbar->prepare(Object(CodeIgniter\HTTP\IncomingRequest), Object(CodeIgniter\HTTP\Response))
 6 SYSTEMPATH/Filters/Filters.php(241): CodeIgniter\Filters\DebugToolbar->after(Object(CodeIgniter\HTTP\IncomingRequest), Object(CodeIgniter\HTTP\Response), null)
 7 SYSTEMPATH/Filters/Filters.php(291): CodeIgniter\Filters\Filters->runAfter([...])
 8 SYSTEMPATH/CodeIgniter.php(409): CodeIgniter\Filters\Filters->runRequired('after')
 9 SYSTEMPATH/CodeIgniter.php(372): CodeIgniter\CodeIgniter->runRequiredAfterFilters(Object(CodeIgniter\Filters\Filters))
10 SYSTEMPATH/Boot.php(334): CodeIgniter\CodeIgniter->run()
11 SYSTEMPATH/Boot.php(67): CodeIgniter\Boot::runCodeIgniter(Object(CodeIgniter\CodeIgniter))
12 FCPATH/index.php(56): CodeIgniter\Boot::bootWeb(Object(Config\Paths))
13 SYSTEMPATH/rewrite.php(44): require_once('/Users/mattheuwsw/Documents/GitHub/booking-services-API/codeIgniter4/public/index.php')
WARNING - 2025-01-05 12:28:33 --> [DEPRECATED] Return type of CodeIgniter\I18n\TimeTrait::createFromTimestamp(int|float $timestamp, $timezone = null, ?string $locale = null): CodeIgniter\I18n\Time should either be compatible with DateTimeImmutable::createFromTimestamp(int|float $timestamp): CodeIgniter\Autoloader\Autoloader, or the #[\ReturnTypeWillChange] attribute should be used to temporarily suppress the notice in SYSTEMPATH/I18n/TimeTrait.php on line 268.
 1 SYSTEMPATH/Autoloader/Autoloader.php(316): include_once('/Users/mattheuwsw/Documents/GitHub/booking-services-API/codeIgniter4/system/I18n/Time.php')
 2 SYSTEMPATH/Autoloader/Autoloader.php(295): CodeIgniter\Autoloader\Autoloader->includeFile('/Users/mattheuwsw/Documents/GitHub/booking-services-API/codeIgniter4/system/I18n/Time.php')
 3 SYSTEMPATH/Autoloader/Autoloader.php(271): CodeIgniter\Autoloader\Autoloader->loadInNamespace('CodeIgniter\\I18n\\Time')
 4 SYSTEMPATH/Security/Security.php(532): CodeIgniter\Autoloader\Autoloader->loadClass('CodeIgniter\\I18n\\Time')
 5 SYSTEMPATH/Security/Security.php(505): CodeIgniter\Security\Security->saveHashInCookie()
 6 SYSTEMPATH/Security/Security.php(214): CodeIgniter\Security\Security->generateHash()
 7 SYSTEMPATH/Config/Services.php(657): CodeIgniter\Security\Security->__construct(Object(Config\Security))
 8 SYSTEMPATH/Config/BaseService.php(312): CodeIgniter\Config\Services::security(Object(Config\Security), false)
 9 SYSTEMPATH/Config/BaseService.php(251): CodeIgniter\Config\BaseService::__callStatic('security', [...])
10 SYSTEMPATH/Config/Services.php(652): CodeIgniter\Config\BaseService::getSharedInstance('security', null)
11 SYSTEMPATH/Config/BaseService.php(321): CodeIgniter\Config\Services::security()
12 SYSTEMPATH/Config/BaseService.php(202): CodeIgniter\Config\BaseService::__callStatic('security', [])
13 SYSTEMPATH/Common.php(998): CodeIgniter\Config\BaseService::get('security')
14 SYSTEMPATH/Helpers/security_helper.php(22): service('security')
15 SYSTEMPATH/Debug/Toolbar.php(491): sanitize_filename('debugbar_1736080113.251503')
16 APPPATH/Config/Events.php(47): CodeIgniter\Debug\Toolbar->respond()
17 SYSTEMPATH/Events/Events.php(155): CodeIgniter\Events\Events::{closure:/Users/mattheuwsw/Documents/GitHub/booking-services-API/codeIgniter4/app/Config/Events.php:26}()
18 SYSTEMPATH/CodeIgniter.php(340): CodeIgniter\Events\Events::trigger('pre_system')
19 SYSTEMPATH/Boot.php(334): CodeIgniter\CodeIgniter->run()
20 SYSTEMPATH/Boot.php(67): CodeIgniter\Boot::runCodeIgniter(Object(CodeIgniter\CodeIgniter))
21 FCPATH/index.php(56): CodeIgniter\Boot::bootWeb(Object(Config\Paths))
CRITICAL - 2025-01-05 14:19:27 --> CodeIgniter\View\Exceptions\ViewException: Invalid file: "welcome_message.php"
[Method: GET, Route: /]
in SYSTEMPATH/Exceptions/FrameworkException.php on line 41.
 1 SYSTEMPATH/View/View.php(222): CodeIgniter\Exceptions\FrameworkException::forInvalidFile('welcome_message.php')
 2 SYSTEMPATH/Common.php(1171): CodeIgniter\View\View->render('welcome_message', [], true)
 3 APPPATH/Controllers/Home.php(9): view('welcome_message')
 4 SYSTEMPATH/CodeIgniter.php(933): App\Controllers\Home->index()
 5 SYSTEMPATH/CodeIgniter.php(509): CodeIgniter\CodeIgniter->runController(Object(App\Controllers\Home))
 6 SYSTEMPATH/CodeIgniter.php(355): CodeIgniter\CodeIgniter->handleRequest(null, Object(Config\Cache), false)
 7 SYSTEMPATH/Boot.php(334): CodeIgniter\CodeIgniter->run()
 8 SYSTEMPATH/Boot.php(67): CodeIgniter\Boot::runCodeIgniter(Object(CodeIgniter\CodeIgniter))
 9 FCPATH/index.php(56): CodeIgniter\Boot::bootWeb(Object(Config\Paths))
10 SYSTEMPATH/rewrite.php(44): require_once('/Users/mattheuwsw/Documents/GitHub/booking-services-API/codeIgniter4/public/index.php')
CRITICAL - 2025-01-05 14:21:29 --> ErrorException: Undefined variable $rooms
[Method: GET, Route: /]
in APPPATH/Views/booking.php on line 21.
 1 APPPATH/Views/booking.php(21): CodeIgniter\Debug\Exceptions->errorHandler(2, 'Undefined variable $rooms', '/Users/mattheuwsw/Documents/GitHub/booking-services-API/codeIgniter4/app/Views/booking.php', 21)
 2 SYSTEMPATH/View/View.php(234): include('/Users/mattheuwsw/Documents/GitHub/booking-services-API/codeIgniter4/app/Views/booking.php')
 3 SYSTEMPATH/View/View.php(237): CodeIgniter\View\View->{closure:CodeIgniter\View\View::render():231}()
 4 SYSTEMPATH/Common.php(1171): CodeIgniter\View\View->render('booking', [], true)
 5 APPPATH/Controllers/Home.php(9): view('booking')
 6 SYSTEMPATH/CodeIgniter.php(933): App\Controllers\Home->index()
 7 SYSTEMPATH/CodeIgniter.php(509): CodeIgniter\CodeIgniter->runController(Object(App\Controllers\Home))
 8 SYSTEMPATH/CodeIgniter.php(355): CodeIgniter\CodeIgniter->handleRequest(null, Object(Config\Cache), false)
 9 SYSTEMPATH/Boot.php(334): CodeIgniter\CodeIgniter->run()
10 SYSTEMPATH/Boot.php(67): CodeIgniter\Boot::runCodeIgniter(Object(CodeIgniter\CodeIgniter))
11 FCPATH/index.php(56): CodeIgniter\Boot::bootWeb(Object(Config\Paths))
12 SYSTEMPATH/rewrite.php(44): require_once('/Users/mattheuwsw/Documents/GitHub/booking-services-API/codeIgniter4/public/index.php')
CRITICAL - 2025-01-05 14:23:56 --> ErrorException: Undefined variable $rooms
[Method: GET, Route: /]
in APPPATH/Views/booking.php on line 21.
 1 APPPATH/Views/booking.php(21): CodeIgniter\Debug\Exceptions->errorHandler(2, 'Undefined variable $rooms', '/Users/mattheuwsw/Documents/GitHub/booking-services-API/codeIgniter4/app/Views/booking.php', 21)
 2 SYSTEMPATH/View/View.php(234): include('/Users/mattheuwsw/Documents/GitHub/booking-services-API/codeIgniter4/app/Views/booking.php')
 3 SYSTEMPATH/View/View.php(237): CodeIgniter\View\View->{closure:CodeIgniter\View\View::render():231}()
 4 SYSTEMPATH/Common.php(1171): CodeIgniter\View\View->render('booking', [], true)
 5 APPPATH/Controllers/Home.php(9): view('booking')
 6 SYSTEMPATH/CodeIgniter.php(933): App\Controllers\Home->index()
 7 SYSTEMPATH/CodeIgniter.php(509): CodeIgniter\CodeIgniter->runController(Object(App\Controllers\Home))
 8 SYSTEMPATH/CodeIgniter.php(355): CodeIgniter\CodeIgniter->handleRequest(null, Object(Config\Cache), false)
 9 SYSTEMPATH/Boot.php(334): CodeIgniter\CodeIgniter->run()
10 SYSTEMPATH/Boot.php(67): CodeIgniter\Boot::runCodeIgniter(Object(CodeIgniter\CodeIgniter))
11 FCPATH/index.php(56): CodeIgniter\Boot::bootWeb(Object(Config\Paths))
12 SYSTEMPATH/rewrite.php(44): require_once('/Users/mattheuwsw/Documents/GitHub/booking-services-API/codeIgniter4/public/index.php')
CRITICAL - 2025-01-05 14:26:50 --> ErrorException: Undefined variable $rooms
[Method: GET, Route: /]
in APPPATH/Views/booking.php on line 21.
 1 APPPATH/Views/booking.php(21): CodeIgniter\Debug\Exceptions->errorHandler(2, 'Undefined variable $rooms', '/Users/mattheuwsw/Documents/GitHub/booking-services-API/codeIgniter4/app/Views/booking.php', 21)
 2 SYSTEMPATH/View/View.php(234): include('/Users/mattheuwsw/Documents/GitHub/booking-services-API/codeIgniter4/app/Views/booking.php')
 3 SYSTEMPATH/View/View.php(237): CodeIgniter\View\View->{closure:CodeIgniter\View\View::render():231}()
 4 SYSTEMPATH/Common.php(1171): CodeIgniter\View\View->render('booking', [], true)
 5 APPPATH/Controllers/Home.php(9): view('booking')
 6 SYSTEMPATH/CodeIgniter.php(933): App\Controllers\Home->index()
 7 SYSTEMPATH/CodeIgniter.php(509): CodeIgniter\CodeIgniter->runController(Object(App\Controllers\Home))
 8 SYSTEMPATH/CodeIgniter.php(355): CodeIgniter\CodeIgniter->handleRequest(null, Object(Config\Cache), false)
 9 SYSTEMPATH/Boot.php(334): CodeIgniter\CodeIgniter->run()
10 SYSTEMPATH/Boot.php(67): CodeIgniter\Boot::runCodeIgniter(Object(CodeIgniter\CodeIgniter))
11 FCPATH/index.php(56): CodeIgniter\Boot::bootWeb(Object(Config\Paths))
12 SYSTEMPATH/rewrite.php(44): require_once('/Users/mattheuwsw/Documents/GitHub/booking-services-API/codeIgniter4/public/index.php')
CRITICAL - 2025-01-05 14:26:51 --> ErrorException: Undefined variable $rooms
[Method: GET, Route: /]
in APPPATH/Views/booking.php on line 21.
 1 APPPATH/Views/booking.php(21): CodeIgniter\Debug\Exceptions->errorHandler(2, 'Undefined variable $rooms', '/Users/mattheuwsw/Documents/GitHub/booking-services-API/codeIgniter4/app/Views/booking.php', 21)
 2 SYSTEMPATH/View/View.php(234): include('/Users/mattheuwsw/Documents/GitHub/booking-services-API/codeIgniter4/app/Views/booking.php')
 3 SYSTEMPATH/View/View.php(237): CodeIgniter\View\View->{closure:CodeIgniter\View\View::render():231}()
 4 SYSTEMPATH/Common.php(1171): CodeIgniter\View\View->render('booking', [], true)
 5 APPPATH/Controllers/Home.php(9): view('booking')
 6 SYSTEMPATH/CodeIgniter.php(933): App\Controllers\Home->index()
 7 SYSTEMPATH/CodeIgniter.php(509): CodeIgniter\CodeIgniter->runController(Object(App\Controllers\Home))
 8 SYSTEMPATH/CodeIgniter.php(355): CodeIgniter\CodeIgniter->handleRequest(null, Object(Config\Cache), false)
 9 SYSTEMPATH/Boot.php(334): CodeIgniter\CodeIgniter->run()
10 SYSTEMPATH/Boot.php(67): CodeIgniter\Boot::runCodeIgniter(Object(CodeIgniter\CodeIgniter))
11 FCPATH/index.php(56): CodeIgniter\Boot::bootWeb(Object(Config\Paths))
12 SYSTEMPATH/rewrite.php(44): require_once('/Users/mattheuwsw/Documents/GitHub/booking-services-API/codeIgniter4/public/index.php')
CRITICAL - 2025-01-05 14:26:51 --> ErrorException: Undefined variable $rooms
[Method: GET, Route: /]
in APPPATH/Views/booking.php on line 21.
 1 APPPATH/Views/booking.php(21): CodeIgniter\Debug\Exceptions->errorHandler(2, 'Undefined variable $rooms', '/Users/mattheuwsw/Documents/GitHub/booking-services-API/codeIgniter4/app/Views/booking.php', 21)
 2 SYSTEMPATH/View/View.php(234): include('/Users/mattheuwsw/Documents/GitHub/booking-services-API/codeIgniter4/app/Views/booking.php')
 3 SYSTEMPATH/View/View.php(237): CodeIgniter\View\View->{closure:CodeIgniter\View\View::render():231}()
 4 SYSTEMPATH/Common.php(1171): CodeIgniter\View\View->render('booking', [], true)
 5 APPPATH/Controllers/Home.php(9): view('booking')
 6 SYSTEMPATH/CodeIgniter.php(933): App\Controllers\Home->index()
 7 SYSTEMPATH/CodeIgniter.php(509): CodeIgniter\CodeIgniter->runController(Object(App\Controllers\Home))
 8 SYSTEMPATH/CodeIgniter.php(355): CodeIgniter\CodeIgniter->handleRequest(null, Object(Config\Cache), false)
 9 SYSTEMPATH/Boot.php(334): CodeIgniter\CodeIgniter->run()
10 SYSTEMPATH/Boot.php(67): CodeIgniter\Boot::runCodeIgniter(Object(CodeIgniter\CodeIgniter))
11 FCPATH/index.php(56): CodeIgniter\Boot::bootWeb(Object(Config\Paths))
12 SYSTEMPATH/rewrite.php(44): require_once('/Users/mattheuwsw/Documents/GitHub/booking-services-API/codeIgniter4/public/index.php')
CRITICAL - 2025-01-05 14:26:52 --> ErrorException: Undefined variable $rooms
[Method: GET, Route: /]
in APPPATH/Views/booking.php on line 21.
 1 APPPATH/Views/booking.php(21): CodeIgniter\Debug\Exceptions->errorHandler(2, 'Undefined variable $rooms', '/Users/mattheuwsw/Documents/GitHub/booking-services-API/codeIgniter4/app/Views/booking.php', 21)
 2 SYSTEMPATH/View/View.php(234): include('/Users/mattheuwsw/Documents/GitHub/booking-services-API/codeIgniter4/app/Views/booking.php')
 3 SYSTEMPATH/View/View.php(237): CodeIgniter\View\View->{closure:CodeIgniter\View\View::render():231}()
 4 SYSTEMPATH/Common.php(1171): CodeIgniter\View\View->render('booking', [], true)
 5 APPPATH/Controllers/Home.php(9): view('booking')
 6 SYSTEMPATH/CodeIgniter.php(933): App\Controllers\Home->index()
 7 SYSTEMPATH/CodeIgniter.php(509): CodeIgniter\CodeIgniter->runController(Object(App\Controllers\Home))
 8 SYSTEMPATH/CodeIgniter.php(355): CodeIgniter\CodeIgniter->handleRequest(null, Object(Config\Cache), false)
 9 SYSTEMPATH/Boot.php(334): CodeIgniter\CodeIgniter->run()
10 SYSTEMPATH/Boot.php(67): CodeIgniter\Boot::runCodeIgniter(Object(CodeIgniter\CodeIgniter))
11 FCPATH/index.php(56): CodeIgniter\Boot::bootWeb(Object(Config\Paths))
12 SYSTEMPATH/rewrite.php(44): require_once('/Users/mattheuwsw/Documents/GitHub/booking-services-API/codeIgniter4/public/index.php')
CRITICAL - 2025-01-05 14:31:08 --> ErrorException: Undefined variable $rooms
[Method: GET, Route: /]
in APPPATH/Views/booking.php on line 21.
 1 APPPATH/Views/booking.php(21): CodeIgniter\Debug\Exceptions->errorHandler(2, 'Undefined variable $rooms', '/Users/mattheuwsw/Documents/GitHub/booking-services-API/codeIgniter4/app/Views/booking.php', 21)
 2 SYSTEMPATH/View/View.php(234): include('/Users/mattheuwsw/Documents/GitHub/booking-services-API/codeIgniter4/app/Views/booking.php')
 3 SYSTEMPATH/View/View.php(237): CodeIgniter\View\View->{closure:CodeIgniter\View\View::render():231}()
 4 SYSTEMPATH/Common.php(1171): CodeIgniter\View\View->render('booking', [], true)
 5 APPPATH/Controllers/Home.php(9): view('booking')
 6 SYSTEMPATH/CodeIgniter.php(933): App\Controllers\Home->index()
 7 SYSTEMPATH/CodeIgniter.php(509): CodeIgniter\CodeIgniter->runController(Object(App\Controllers\Home))
 8 SYSTEMPATH/CodeIgniter.php(355): CodeIgniter\CodeIgniter->handleRequest(null, Object(Config\Cache), false)
 9 SYSTEMPATH/Boot.php(334): CodeIgniter\CodeIgniter->run()
10 SYSTEMPATH/Boot.php(67): CodeIgniter\Boot::runCodeIgniter(Object(CodeIgniter\CodeIgniter))
11 FCPATH/index.php(56): CodeIgniter\Boot::bootWeb(Object(Config\Paths))
12 SYSTEMPATH/rewrite.php(44): require_once('/Users/mattheuwsw/Documents/GitHub/booking-services-API/codeIgniter4/public/index.php')
CRITICAL - 2025-01-05 14:31:10 --> ErrorException: Undefined variable $rooms
[Method: GET, Route: /]
in APPPATH/Views/booking.php on line 21.
 1 APPPATH/Views/booking.php(21): CodeIgniter\Debug\Exceptions->errorHandler(2, 'Undefined variable $rooms', '/Users/mattheuwsw/Documents/GitHub/booking-services-API/codeIgniter4/app/Views/booking.php', 21)
 2 SYSTEMPATH/View/View.php(234): include('/Users/mattheuwsw/Documents/GitHub/booking-services-API/codeIgniter4/app/Views/booking.php')
 3 SYSTEMPATH/View/View.php(237): CodeIgniter\View\View->{closure:CodeIgniter\View\View::render():231}()
 4 SYSTEMPATH/Common.php(1171): CodeIgniter\View\View->render('booking', [], true)
 5 APPPATH/Controllers/Home.php(9): view('booking')
 6 SYSTEMPATH/CodeIgniter.php(933): App\Controllers\Home->index()
 7 SYSTEMPATH/CodeIgniter.php(509): CodeIgniter\CodeIgniter->runController(Object(App\Controllers\Home))
 8 SYSTEMPATH/CodeIgniter.php(355): CodeIgniter\CodeIgniter->handleRequest(null, Object(Config\Cache), false)
 9 SYSTEMPATH/Boot.php(334): CodeIgniter\CodeIgniter->run()
10 SYSTEMPATH/Boot.php(67): CodeIgniter\Boot::runCodeIgniter(Object(CodeIgniter\CodeIgniter))
11 FCPATH/index.php(56): CodeIgniter\Boot::bootWeb(Object(Config\Paths))
12 SYSTEMPATH/rewrite.php(44): require_once('/Users/mattheuwsw/Documents/GitHub/booking-services-API/codeIgniter4/public/index.php')
WARNING - 2025-01-05 14:38:55 --> [DEPRECATED] Return type of CodeIgniter\I18n\TimeTrait::createFromTimestamp(int|float $timestamp, $timezone = null, ?string $locale = null): CodeIgniter\I18n\Time should either be compatible with DateTimeImmutable::createFromTimestamp(int|float $timestamp): CodeIgniter\Autoloader\Autoloader, or the #[\ReturnTypeWillChange] attribute should be used to temporarily suppress the notice in SYSTEMPATH/I18n/TimeTrait.php on line 268.
 1 SYSTEMPATH/Autoloader/Autoloader.php(316): include_once('/Users/mattheuwsw/Documents/GitHub/booking-services-API/codeIgniter4/system/I18n/Time.php')
 2 SYSTEMPATH/Autoloader/Autoloader.php(295): CodeIgniter\Autoloader\Autoloader->includeFile('/Users/mattheuwsw/Documents/GitHub/booking-services-API/codeIgniter4/system/I18n/Time.php')
 3 SYSTEMPATH/Autoloader/Autoloader.php(271): CodeIgniter\Autoloader\Autoloader->loadInNamespace('CodeIgniter\\I18n\\Time')
 4 SYSTEMPATH/Debug/Toolbar.php(400): CodeIgniter\Autoloader\Autoloader->loadClass('CodeIgniter\\I18n\\Time')
 5 SYSTEMPATH/Filters/DebugToolbar.php(43): CodeIgniter\Debug\Toolbar->prepare(Object(CodeIgniter\HTTP\IncomingRequest), Object(CodeIgniter\HTTP\Response))
 6 SYSTEMPATH/Filters/Filters.php(241): CodeIgniter\Filters\DebugToolbar->after(Object(CodeIgniter\HTTP\IncomingRequest), Object(CodeIgniter\HTTP\Response), null)
 7 SYSTEMPATH/Filters/Filters.php(291): CodeIgniter\Filters\Filters->runAfter([...])
 8 SYSTEMPATH/CodeIgniter.php(409): CodeIgniter\Filters\Filters->runRequired('after')
 9 SYSTEMPATH/CodeIgniter.php(372): CodeIgniter\CodeIgniter->runRequiredAfterFilters(Object(CodeIgniter\Filters\Filters))
10 SYSTEMPATH/Boot.php(334): CodeIgniter\CodeIgniter->run()
11 SYSTEMPATH/Boot.php(67): CodeIgniter\Boot::runCodeIgniter(Object(CodeIgniter\CodeIgniter))
12 FCPATH/index.php(56): CodeIgniter\Boot::bootWeb(Object(Config\Paths))
13 SYSTEMPATH/rewrite.php(44): require_once('/Users/mattheuwsw/Documents/GitHub/booking-services-API/codeIgniter4/public/index.php')
WARNING - 2025-01-05 14:38:56 --> [DEPRECATED] Return type of CodeIgniter\I18n\TimeTrait::createFromTimestamp(int|float $timestamp, $timezone = null, ?string $locale = null): CodeIgniter\I18n\Time should either be compatible with DateTimeImmutable::createFromTimestamp(int|float $timestamp): CodeIgniter\Autoloader\Autoloader, or the #[\ReturnTypeWillChange] attribute should be used to temporarily suppress the notice in SYSTEMPATH/I18n/TimeTrait.php on line 268.
 1 SYSTEMPATH/Autoloader/Autoloader.php(316): include_once('/Users/mattheuwsw/Documents/GitHub/booking-services-API/codeIgniter4/system/I18n/Time.php')
 2 SYSTEMPATH/Autoloader/Autoloader.php(295): CodeIgniter\Autoloader\Autoloader->includeFile('/Users/mattheuwsw/Documents/GitHub/booking-services-API/codeIgniter4/system/I18n/Time.php')
 3 SYSTEMPATH/Autoloader/Autoloader.php(271): CodeIgniter\Autoloader\Autoloader->loadInNamespace('CodeIgniter\\I18n\\Time')
 4 SYSTEMPATH/Security/Security.php(532): CodeIgniter\Autoloader\Autoloader->loadClass('CodeIgniter\\I18n\\Time')
 5 SYSTEMPATH/Security/Security.php(505): CodeIgniter\Security\Security->saveHashInCookie()
 6 SYSTEMPATH/Security/Security.php(214): CodeIgniter\Security\Security->generateHash()
 7 SYSTEMPATH/Config/Services.php(657): CodeIgniter\Security\Security->__construct(Object(Config\Security))
 8 SYSTEMPATH/Config/BaseService.php(312): CodeIgniter\Config\Services::security(Object(Config\Security), false)
 9 SYSTEMPATH/Config/BaseService.php(251): CodeIgniter\Config\BaseService::__callStatic('security', [...])
10 SYSTEMPATH/Config/Services.php(652): CodeIgniter\Config\BaseService::getSharedInstance('security', null)
11 SYSTEMPATH/Config/BaseService.php(321): CodeIgniter\Config\Services::security()
12 SYSTEMPATH/Config/BaseService.php(202): CodeIgniter\Config\BaseService::__callStatic('security', [])
13 SYSTEMPATH/Common.php(998): CodeIgniter\Config\BaseService::get('security')
14 SYSTEMPATH/Helpers/security_helper.php(22): service('security')
15 SYSTEMPATH/Debug/Toolbar.php(491): sanitize_filename('debugbar_1736087935.794773')
16 APPPATH/Config/Events.php(47): CodeIgniter\Debug\Toolbar->respond()
17 SYSTEMPATH/Events/Events.php(155): CodeIgniter\Events\Events::{closure:/Users/mattheuwsw/Documents/GitHub/booking-services-API/codeIgniter4/app/Config/Events.php:26}()
18 SYSTEMPATH/CodeIgniter.php(340): CodeIgniter\Events\Events::trigger('pre_system')
19 SYSTEMPATH/Boot.php(334): CodeIgniter\CodeIgniter->run()
20 SYSTEMPATH/Boot.php(67): CodeIgniter\Boot::runCodeIgniter(Object(CodeIgniter\CodeIgniter))
21 FCPATH/index.php(56): CodeIgniter\Boot::bootWeb(Object(Config\Paths))
CRITICAL - 2025-01-05 14:41:28 --> CodeIgniter\View\Exceptions\ViewException: Invalid file: "room.php"
[Method: POST, Route: booking/searchRooms]
in SYSTEMPATH/Exceptions/FrameworkException.php on line 41.
 1 SYSTEMPATH/View/View.php(222): CodeIgniter\Exceptions\FrameworkException::forInvalidFile('room.php')
 2 SYSTEMPATH/Common.php(1171): CodeIgniter\View\View->render('room', [], true)
 3 APPPATH/Controllers/BookingController.php(34): view('room', [...])
 4 SYSTEMPATH/CodeIgniter.php(933): App\Controllers\BookingController->searchRooms()
 5 SYSTEMPATH/CodeIgniter.php(509): CodeIgniter\CodeIgniter->runController(Object(App\Controllers\BookingController))
 6 SYSTEMPATH/CodeIgniter.php(355): CodeIgniter\CodeIgniter->handleRequest(null, Object(Config\Cache), false)
 7 SYSTEMPATH/Boot.php(334): CodeIgniter\CodeIgniter->run()
 8 SYSTEMPATH/Boot.php(67): CodeIgniter\Boot::runCodeIgniter(Object(CodeIgniter\CodeIgniter))
 9 FCPATH/index.php(56): CodeIgniter\Boot::bootWeb(Object(Config\Paths))
10 SYSTEMPATH/rewrite.php(44): require_once('/Users/mattheuwsw/Documents/GitHub/booking-services-API/codeIgniter4/public/index.php')
WARNING - 2025-01-05 14:42:23 --> [DEPRECATED] Return type of CodeIgniter\I18n\TimeTrait::createFromTimestamp(int|float $timestamp, $timezone = null, ?string $locale = null): CodeIgniter\I18n\Time should either be compatible with DateTimeImmutable::createFromTimestamp(int|float $timestamp): CodeIgniter\Autoloader\Autoloader, or the #[\ReturnTypeWillChange] attribute should be used to temporarily suppress the notice in SYSTEMPATH/I18n/TimeTrait.php on line 268.
 1 SYSTEMPATH/Autoloader/Autoloader.php(316): include_once('/Users/mattheuwsw/Documents/GitHub/booking-services-API/codeIgniter4/system/I18n/Time.php')
 2 SYSTEMPATH/Autoloader/Autoloader.php(295): CodeIgniter\Autoloader\Autoloader->includeFile('/Users/mattheuwsw/Documents/GitHub/booking-services-API/codeIgniter4/system/I18n/Time.php')
 3 SYSTEMPATH/Autoloader/Autoloader.php(271): CodeIgniter\Autoloader\Autoloader->loadInNamespace('CodeIgniter\\I18n\\Time')
 4 SYSTEMPATH/Debug/Toolbar/Collectors/Database.php(196): CodeIgniter\Autoloader\Autoloader->loadClass('CodeIgniter\\I18n\\Time')
 5 [internal function]: CodeIgniter\Debug\Toolbar\Collectors\Database::{closure:CodeIgniter\Debug\Toolbar\Collectors\Database::display():151}([...])
 6 SYSTEMPATH/Debug/Toolbar/Collectors/Database.php(151): array_map(Object(Closure), [...])
 7 SYSTEMPATH/Debug/Toolbar/Collectors/BaseCollector.php(228): CodeIgniter\Debug\Toolbar\Collectors\Database->display()
 8 SYSTEMPATH/Debug/Toolbar.php(95): CodeIgniter\Debug\Toolbar\Collectors\BaseCollector->getAsArray()
 9 SYSTEMPATH/Debug/Toolbar.php(390): CodeIgniter\Debug\Toolbar->run(1736088143.515203, 0.0141, Object(CodeIgniter\HTTP\IncomingRequest), Object(CodeIgniter\HTTP\Response))
10 SYSTEMPATH/Filters/DebugToolbar.php(43): CodeIgniter\Debug\Toolbar->prepare(Object(CodeIgniter\HTTP\IncomingRequest), Object(CodeIgniter\HTTP\Response))
11 SYSTEMPATH/Filters/Filters.php(241): CodeIgniter\Filters\DebugToolbar->after(Object(CodeIgniter\HTTP\IncomingRequest), Object(CodeIgniter\HTTP\Response), null)
12 SYSTEMPATH/Filters/Filters.php(291): CodeIgniter\Filters\Filters->runAfter([...])
13 SYSTEMPATH/CodeIgniter.php(409): CodeIgniter\Filters\Filters->runRequired('after')
14 SYSTEMPATH/CodeIgniter.php(372): CodeIgniter\CodeIgniter->runRequiredAfterFilters(Object(CodeIgniter\Filters\Filters))
15 SYSTEMPATH/Boot.php(334): CodeIgniter\CodeIgniter->run()
16 SYSTEMPATH/Boot.php(67): CodeIgniter\Boot::runCodeIgniter(Object(CodeIgniter\CodeIgniter))
17 FCPATH/index.php(56): CodeIgniter\Boot::bootWeb(Object(Config\Paths))
18 SYSTEMPATH/rewrite.php(44): require_once('/Users/mattheuwsw/Documents/GitHub/booking-services-API/codeIgniter4/public/index.php')
WARNING - 2025-01-05 14:42:23 --> [DEPRECATED] Return type of CodeIgniter\I18n\TimeTrait::createFromTimestamp(int|float $timestamp, $timezone = null, ?string $locale = null): CodeIgniter\I18n\Time should either be compatible with DateTimeImmutable::createFromTimestamp(int|float $timestamp): CodeIgniter\Autoloader\Autoloader, or the #[\ReturnTypeWillChange] attribute should be used to temporarily suppress the notice in SYSTEMPATH/I18n/TimeTrait.php on line 268.
 1 SYSTEMPATH/Autoloader/Autoloader.php(316): include_once('/Users/mattheuwsw/Documents/GitHub/booking-services-API/codeIgniter4/system/I18n/Time.php')
 2 SYSTEMPATH/Autoloader/Autoloader.php(295): CodeIgniter\Autoloader\Autoloader->includeFile('/Users/mattheuwsw/Documents/GitHub/booking-services-API/codeIgniter4/system/I18n/Time.php')
 3 SYSTEMPATH/Autoloader/Autoloader.php(271): CodeIgniter\Autoloader\Autoloader->loadInNamespace('CodeIgniter\\I18n\\Time')
 4 SYSTEMPATH/Security/Security.php(532): CodeIgniter\Autoloader\Autoloader->loadClass('CodeIgniter\\I18n\\Time')
 5 SYSTEMPATH/Security/Security.php(505): CodeIgniter\Security\Security->saveHashInCookie()
 6 SYSTEMPATH/Security/Security.php(214): CodeIgniter\Security\Security->generateHash()
 7 SYSTEMPATH/Config/Services.php(657): CodeIgniter\Security\Security->__construct(Object(Config\Security))
 8 SYSTEMPATH/Config/BaseService.php(312): CodeIgniter\Config\Services::security(Object(Config\Security), false)
 9 SYSTEMPATH/Config/BaseService.php(251): CodeIgniter\Config\BaseService::__callStatic('security', [...])
10 SYSTEMPATH/Config/Services.php(652): CodeIgniter\Config\BaseService::getSharedInstance('security', null)
11 SYSTEMPATH/Config/BaseService.php(321): CodeIgniter\Config\Services::security()
12 SYSTEMPATH/Config/BaseService.php(202): CodeIgniter\Config\BaseService::__callStatic('security', [])
13 SYSTEMPATH/Common.php(998): CodeIgniter\Config\BaseService::get('security')
14 SYSTEMPATH/Helpers/security_helper.php(22): service('security')
15 SYSTEMPATH/Debug/Toolbar.php(491): sanitize_filename('debugbar_1736088143.540893')
16 APPPATH/Config/Events.php(47): CodeIgniter\Debug\Toolbar->respond()
17 SYSTEMPATH/Events/Events.php(155): CodeIgniter\Events\Events::{closure:/Users/mattheuwsw/Documents/GitHub/booking-services-API/codeIgniter4/app/Config/Events.php:26}()
18 SYSTEMPATH/CodeIgniter.php(340): CodeIgniter\Events\Events::trigger('pre_system')
19 SYSTEMPATH/Boot.php(334): CodeIgniter\CodeIgniter->run()
20 SYSTEMPATH/Boot.php(67): CodeIgniter\Boot::runCodeIgniter(Object(CodeIgniter\CodeIgniter))
21 FCPATH/index.php(56): CodeIgniter\Boot::bootWeb(Object(Config\Paths))
WARNING - 2025-01-05 14:42:38 --> [DEPRECATED] Return type of CodeIgniter\I18n\TimeTrait::createFromTimestamp(int|float $timestamp, $timezone = null, ?string $locale = null): CodeIgniter\I18n\Time should either be compatible with DateTimeImmutable::createFromTimestamp(int|float $timestamp): CodeIgniter\Autoloader\Autoloader, or the #[\ReturnTypeWillChange] attribute should be used to temporarily suppress the notice in SYSTEMPATH/I18n/TimeTrait.php on line 268.
 1 SYSTEMPATH/Autoloader/Autoloader.php(316): include_once('/Users/mattheuwsw/Documents/GitHub/booking-services-API/codeIgniter4/system/I18n/Time.php')
 2 SYSTEMPATH/Autoloader/Autoloader.php(295): CodeIgniter\Autoloader\Autoloader->includeFile('/Users/mattheuwsw/Documents/GitHub/booking-services-API/codeIgniter4/system/I18n/Time.php')
 3 SYSTEMPATH/Autoloader/Autoloader.php(271): CodeIgniter\Autoloader\Autoloader->loadInNamespace('CodeIgniter\\I18n\\Time')
 4 SYSTEMPATH/Debug/Toolbar.php(400): CodeIgniter\Autoloader\Autoloader->loadClass('CodeIgniter\\I18n\\Time')
 5 SYSTEMPATH/Filters/DebugToolbar.php(43): CodeIgniter\Debug\Toolbar->prepare(Object(CodeIgniter\HTTP\IncomingRequest), Object(CodeIgniter\HTTP\RedirectResponse))
 6 SYSTEMPATH/Filters/Filters.php(241): CodeIgniter\Filters\DebugToolbar->after(Object(CodeIgniter\HTTP\IncomingRequest), Object(CodeIgniter\HTTP\RedirectResponse), null)
 7 SYSTEMPATH/Filters/Filters.php(291): CodeIgniter\Filters\Filters->runAfter([...])
 8 SYSTEMPATH/CodeIgniter.php(409): CodeIgniter\Filters\Filters->runRequired('after')
 9 SYSTEMPATH/CodeIgniter.php(372): CodeIgniter\CodeIgniter->runRequiredAfterFilters(Object(CodeIgniter\Filters\Filters))
10 SYSTEMPATH/Boot.php(334): CodeIgniter\CodeIgniter->run()
11 SYSTEMPATH/Boot.php(67): CodeIgniter\Boot::runCodeIgniter(Object(CodeIgniter\CodeIgniter))
12 FCPATH/index.php(56): CodeIgniter\Boot::bootWeb(Object(Config\Paths))
13 SYSTEMPATH/rewrite.php(44): require_once('/Users/mattheuwsw/Documents/GitHub/booking-services-API/codeIgniter4/public/index.php')
CRITICAL - 2025-01-05 14:42:38 --> ErrorException: Undefined array key "room_name"
[Method: GET, Route: payment/7]
in APPPATH/Views/payment.php on line 9.
 1 APPPATH/Views/payment.php(9): CodeIgniter\Debug\Exceptions->errorHandler(2, 'Undefined array key "room_name"', '/Users/mattheuwsw/Documents/GitHub/booking-services-API/codeIgniter4/app/Views/payment.php', 9)
 2 SYSTEMPATH/View/View.php(234): include('/Users/mattheuwsw/Documents/GitHub/booking-services-API/codeIgniter4/app/Views/payment.php')
 3 SYSTEMPATH/View/View.php(237): CodeIgniter\View\View->{closure:CodeIgniter\View\View::render():231}()
 4 SYSTEMPATH/Common.php(1171): CodeIgniter\View\View->render('payment', [], true)
 5 APPPATH/Controllers/PaymentController.php(21): view('payment', [...])
 6 SYSTEMPATH/CodeIgniter.php(933): App\Controllers\PaymentController->index('7')
 7 SYSTEMPATH/CodeIgniter.php(509): CodeIgniter\CodeIgniter->runController(Object(App\Controllers\PaymentController))
 8 SYSTEMPATH/CodeIgniter.php(355): CodeIgniter\CodeIgniter->handleRequest(null, Object(Config\Cache), false)
 9 SYSTEMPATH/Boot.php(334): CodeIgniter\CodeIgniter->run()
10 SYSTEMPATH/Boot.php(67): CodeIgniter\Boot::runCodeIgniter(Object(CodeIgniter\CodeIgniter))
11 FCPATH/index.php(56): CodeIgniter\Boot::bootWeb(Object(Config\Paths))
12 SYSTEMPATH/rewrite.php(44): require_once('/Users/mattheuwsw/Documents/GitHub/booking-services-API/codeIgniter4/public/index.php')
WARNING - 2025-01-05 14:43:45 --> [DEPRECATED] Return type of CodeIgniter\I18n\TimeTrait::createFromTimestamp(int|float $timestamp, $timezone = null, ?string $locale = null): CodeIgniter\I18n\Time should either be compatible with DateTimeImmutable::createFromTimestamp(int|float $timestamp): CodeIgniter\Autoloader\Autoloader, or the #[\ReturnTypeWillChange] attribute should be used to temporarily suppress the notice in SYSTEMPATH/I18n/TimeTrait.php on line 268.
 1 SYSTEMPATH/Autoloader/Autoloader.php(316): include_once('/Users/mattheuwsw/Documents/GitHub/booking-services-API/codeIgniter4/system/I18n/Time.php')
 2 SYSTEMPATH/Autoloader/Autoloader.php(295): CodeIgniter\Autoloader\Autoloader->includeFile('/Users/mattheuwsw/Documents/GitHub/booking-services-API/codeIgniter4/system/I18n/Time.php')
 3 SYSTEMPATH/Autoloader/Autoloader.php(271): CodeIgniter\Autoloader\Autoloader->loadInNamespace('CodeIgniter\\I18n\\Time')
 4 SYSTEMPATH/Debug/Toolbar/Collectors/Database.php(196): CodeIgniter\Autoloader\Autoloader->loadClass('CodeIgniter\\I18n\\Time')
 5 [internal function]: CodeIgniter\Debug\Toolbar\Collectors\Database::{closure:CodeIgniter\Debug\Toolbar\Collectors\Database::display():151}([...])
 6 SYSTEMPATH/Debug/Toolbar/Collectors/Database.php(151): array_map(Object(Closure), [...])
 7 SYSTEMPATH/Debug/Toolbar/Collectors/BaseCollector.php(228): CodeIgniter\Debug\Toolbar\Collectors\Database->display()
 8 SYSTEMPATH/Debug/Toolbar.php(95): CodeIgniter\Debug\Toolbar\Collectors\BaseCollector->getAsArray()
 9 SYSTEMPATH/Debug/Toolbar.php(390): CodeIgniter\Debug\Toolbar->run(1736088225.211298, 0.0176, Object(CodeIgniter\HTTP\IncomingRequest), Object(CodeIgniter\HTTP\Response))
10 SYSTEMPATH/Filters/DebugToolbar.php(43): CodeIgniter\Debug\Toolbar->prepare(Object(CodeIgniter\HTTP\IncomingRequest), Object(CodeIgniter\HTTP\Response))
11 SYSTEMPATH/Filters/Filters.php(241): CodeIgniter\Filters\DebugToolbar->after(Object(CodeIgniter\HTTP\IncomingRequest), Object(CodeIgniter\HTTP\Response), null)
12 SYSTEMPATH/Filters/Filters.php(291): CodeIgniter\Filters\Filters->runAfter([...])
13 SYSTEMPATH/CodeIgniter.php(409): CodeIgniter\Filters\Filters->runRequired('after')
14 SYSTEMPATH/CodeIgniter.php(372): CodeIgniter\CodeIgniter->runRequiredAfterFilters(Object(CodeIgniter\Filters\Filters))
15 SYSTEMPATH/Boot.php(334): CodeIgniter\CodeIgniter->run()
16 SYSTEMPATH/Boot.php(67): CodeIgniter\Boot::runCodeIgniter(Object(CodeIgniter\CodeIgniter))
17 FCPATH/index.php(56): CodeIgniter\Boot::bootWeb(Object(Config\Paths))
18 SYSTEMPATH/rewrite.php(44): require_once('/Users/mattheuwsw/Documents/GitHub/booking-services-API/codeIgniter4/public/index.php')
WARNING - 2025-01-05 14:43:45 --> [DEPRECATED] Return type of CodeIgniter\I18n\TimeTrait::createFromTimestamp(int|float $timestamp, $timezone = null, ?string $locale = null): CodeIgniter\I18n\Time should either be compatible with DateTimeImmutable::createFromTimestamp(int|float $timestamp): CodeIgniter\Autoloader\Autoloader, or the #[\ReturnTypeWillChange] attribute should be used to temporarily suppress the notice in SYSTEMPATH/I18n/TimeTrait.php on line 268.
 1 SYSTEMPATH/Autoloader/Autoloader.php(316): include_once('/Users/mattheuwsw/Documents/GitHub/booking-services-API/codeIgniter4/system/I18n/Time.php')
 2 SYSTEMPATH/Autoloader/Autoloader.php(295): CodeIgniter\Autoloader\Autoloader->includeFile('/Users/mattheuwsw/Documents/GitHub/booking-services-API/codeIgniter4/system/I18n/Time.php')
 3 SYSTEMPATH/Autoloader/Autoloader.php(271): CodeIgniter\Autoloader\Autoloader->loadInNamespace('CodeIgniter\\I18n\\Time')
 4 SYSTEMPATH/Security/Security.php(532): CodeIgniter\Autoloader\Autoloader->loadClass('CodeIgniter\\I18n\\Time')
 5 SYSTEMPATH/Security/Security.php(505): CodeIgniter\Security\Security->saveHashInCookie()
 6 SYSTEMPATH/Security/Security.php(214): CodeIgniter\Security\Security->generateHash()
 7 SYSTEMPATH/Config/Services.php(657): CodeIgniter\Security\Security->__construct(Object(Config\Security))
 8 SYSTEMPATH/Config/BaseService.php(312): CodeIgniter\Config\Services::security(Object(Config\Security), false)
 9 SYSTEMPATH/Config/BaseService.php(251): CodeIgniter\Config\BaseService::__callStatic('security', [...])
10 SYSTEMPATH/Config/Services.php(652): CodeIgniter\Config\BaseService::getSharedInstance('security', null)
11 SYSTEMPATH/Config/BaseService.php(321): CodeIgniter\Config\Services::security()
12 SYSTEMPATH/Config/BaseService.php(202): CodeIgniter\Config\BaseService::__callStatic('security', [])
13 SYSTEMPATH/Common.php(998): CodeIgniter\Config\BaseService::get('security')
14 SYSTEMPATH/Helpers/security_helper.php(22): service('security')
15 SYSTEMPATH/Debug/Toolbar.php(491): sanitize_filename('debugbar_1736088225.237759')
16 APPPATH/Config/Events.php(47): CodeIgniter\Debug\Toolbar->respond()
17 SYSTEMPATH/Events/Events.php(155): CodeIgniter\Events\Events::{closure:/Users/mattheuwsw/Documents/GitHub/booking-services-API/codeIgniter4/app/Config/Events.php:26}()
18 SYSTEMPATH/CodeIgniter.php(340): CodeIgniter\Events\Events::trigger('pre_system')
19 SYSTEMPATH/Boot.php(334): CodeIgniter\CodeIgniter->run()
20 SYSTEMPATH/Boot.php(67): CodeIgniter\Boot::runCodeIgniter(Object(CodeIgniter\CodeIgniter))
21 FCPATH/index.php(56): CodeIgniter\Boot::bootWeb(Object(Config\Paths))
WARNING - 2025-01-05 14:48:52 --> [DEPRECATED] Return type of CodeIgniter\I18n\TimeTrait::createFromTimestamp(int|float $timestamp, $timezone = null, ?string $locale = null): CodeIgniter\I18n\Time should either be compatible with DateTimeImmutable::createFromTimestamp(int|float $timestamp): CodeIgniter\Autoloader\Autoloader, or the #[\ReturnTypeWillChange] attribute should be used to temporarily suppress the notice in SYSTEMPATH/I18n/TimeTrait.php on line 268.
 1 SYSTEMPATH/Autoloader/Autoloader.php(316): include_once('/Users/mattheuwsw/Documents/GitHub/booking-services-API/codeIgniter4/system/I18n/Time.php')
 2 SYSTEMPATH/Autoloader/Autoloader.php(295): CodeIgniter\Autoloader\Autoloader->includeFile('/Users/mattheuwsw/Documents/GitHub/booking-services-API/codeIgniter4/system/I18n/Time.php')
 3 SYSTEMPATH/Autoloader/Autoloader.php(271): CodeIgniter\Autoloader\Autoloader->loadInNamespace('CodeIgniter\\I18n\\Time')
 4 SYSTEMPATH/Debug/Toolbar/Collectors/Database.php(196): CodeIgniter\Autoloader\Autoloader->loadClass('CodeIgniter\\I18n\\Time')
 5 [internal function]: CodeIgniter\Debug\Toolbar\Collectors\Database::{closure:CodeIgniter\Debug\Toolbar\Collectors\Database::display():151}([...])
 6 SYSTEMPATH/Debug/Toolbar/Collectors/Database.php(151): array_map(Object(Closure), [...])
 7 SYSTEMPATH/Debug/Toolbar/Collectors/BaseCollector.php(228): CodeIgniter\Debug\Toolbar\Collectors\Database->display()
 8 SYSTEMPATH/Debug/Toolbar.php(95): CodeIgniter\Debug\Toolbar\Collectors\BaseCollector->getAsArray()
 9 SYSTEMPATH/Debug/Toolbar.php(390): CodeIgniter\Debug\Toolbar->run(1736088532.715552, 0.0762, Object(CodeIgniter\HTTP\IncomingRequest), Object(CodeIgniter\HTTP\Response))
10 SYSTEMPATH/Filters/DebugToolbar.php(43): CodeIgniter\Debug\Toolbar->prepare(Object(CodeIgniter\HTTP\IncomingRequest), Object(CodeIgniter\HTTP\Response))
11 SYSTEMPATH/Filters/Filters.php(241): CodeIgniter\Filters\DebugToolbar->after(Object(CodeIgniter\HTTP\IncomingRequest), Object(CodeIgniter\HTTP\Response), null)
12 SYSTEMPATH/Filters/Filters.php(291): CodeIgniter\Filters\Filters->runAfter([...])
13 SYSTEMPATH/CodeIgniter.php(409): CodeIgniter\Filters\Filters->runRequired('after')
14 SYSTEMPATH/CodeIgniter.php(372): CodeIgniter\CodeIgniter->runRequiredAfterFilters(Object(CodeIgniter\Filters\Filters))
15 SYSTEMPATH/Boot.php(334): CodeIgniter\CodeIgniter->run()
16 SYSTEMPATH/Boot.php(67): CodeIgniter\Boot::runCodeIgniter(Object(CodeIgniter\CodeIgniter))
17 FCPATH/index.php(56): CodeIgniter\Boot::bootWeb(Object(Config\Paths))
18 SYSTEMPATH/rewrite.php(44): require_once('/Users/mattheuwsw/Documents/GitHub/booking-services-API/codeIgniter4/public/index.php')
WARNING - 2025-01-05 14:48:52 --> [DEPRECATED] Return type of CodeIgniter\I18n\TimeTrait::createFromTimestamp(int|float $timestamp, $timezone = null, ?string $locale = null): CodeIgniter\I18n\Time should either be compatible with DateTimeImmutable::createFromTimestamp(int|float $timestamp): CodeIgniter\Autoloader\Autoloader, or the #[\ReturnTypeWillChange] attribute should be used to temporarily suppress the notice in SYSTEMPATH/I18n/TimeTrait.php on line 268.
 1 SYSTEMPATH/Autoloader/Autoloader.php(316): include_once('/Users/mattheuwsw/Documents/GitHub/booking-services-API/codeIgniter4/system/I18n/Time.php')
 2 SYSTEMPATH/Autoloader/Autoloader.php(295): CodeIgniter\Autoloader\Autoloader->includeFile('/Users/mattheuwsw/Documents/GitHub/booking-services-API/codeIgniter4/system/I18n/Time.php')
 3 SYSTEMPATH/Autoloader/Autoloader.php(271): CodeIgniter\Autoloader\Autoloader->loadInNamespace('CodeIgniter\\I18n\\Time')
 4 SYSTEMPATH/Security/Security.php(532): CodeIgniter\Autoloader\Autoloader->loadClass('CodeIgniter\\I18n\\Time')
 5 SYSTEMPATH/Security/Security.php(505): CodeIgniter\Security\Security->saveHashInCookie()
 6 SYSTEMPATH/Security/Security.php(214): CodeIgniter\Security\Security->generateHash()
 7 SYSTEMPATH/Config/Services.php(657): CodeIgniter\Security\Security->__construct(Object(Config\Security))
 8 SYSTEMPATH/Config/BaseService.php(312): CodeIgniter\Config\Services::security(Object(Config\Security), false)
 9 SYSTEMPATH/Config/BaseService.php(251): CodeIgniter\Config\BaseService::__callStatic('security', [...])
10 SYSTEMPATH/Config/Services.php(652): CodeIgniter\Config\BaseService::getSharedInstance('security', null)
11 SYSTEMPATH/Config/BaseService.php(321): CodeIgniter\Config\Services::security()
12 SYSTEMPATH/Config/BaseService.php(202): CodeIgniter\Config\BaseService::__callStatic('security', [])
13 SYSTEMPATH/Common.php(998): CodeIgniter\Config\BaseService::get('security')
14 SYSTEMPATH/Helpers/security_helper.php(22): service('security')
15 SYSTEMPATH/Debug/Toolbar.php(491): sanitize_filename('debugbar_1736088532.802726')
16 APPPATH/Config/Events.php(47): CodeIgniter\Debug\Toolbar->respond()
17 SYSTEMPATH/Events/Events.php(155): CodeIgniter\Events\Events::{closure:/Users/mattheuwsw/Documents/GitHub/booking-services-API/codeIgniter4/app/Config/Events.php:26}()
18 SYSTEMPATH/CodeIgniter.php(340): CodeIgniter\Events\Events::trigger('pre_system')
19 SYSTEMPATH/Boot.php(334): CodeIgniter\CodeIgniter->run()
20 SYSTEMPATH/Boot.php(67): CodeIgniter\Boot::runCodeIgniter(Object(CodeIgniter\CodeIgniter))
21 FCPATH/index.php(56): CodeIgniter\Boot::bootWeb(Object(Config\Paths))
